<?xml version="1.0" encoding="UTF-8"?>
<!-- Generated by org.testng.reporters.JUnitXMLReporter -->
<testsuite ignored="0" hostname="EPINPUNW069E" failures="0" tests="4" name="Test" time="20.793" errors="0" timestamp="2024-06-06T18:46:28 IST">
  <testcase classname="unittests.TC2_ErrorForInvalidEmailOnSignUp" name="validateErrorForInvalidEmailSignUp" time="6.242"/>
  <testcase classname="unittests.TC1_FreeCrmLoginUrl" name="validateFreeCrmLoginUrl" time="10.486"/>
  <testcase classname="unittests.TC2_ErrorForInvalidEmailOnSignUp" name="validateErrorForInvalidEmailSignUp" time="5.138"/>
  <testcase classname="unittests.TC2_ErrorForInvalidEmailOnSignUp" name="validateErrorForInvalidEmailSignUp" time="4.992"/>
</testsuite> <!-- Test -->
