<?xml version="1.0" encoding="UTF-8"?>
<!-- Generated by org.testng.reporters.JUnitXMLReporter -->
<testsuite ignored="0" hostname="EPINPUNW069E" failures="0" tests="4" name="Test" time="18.641" errors="0" timestamp="2024-06-07T02:29:16 IST">
  <testcase classname="unittests.TC2_ErrorForInvalidEmailOnSignUp" name="validateErrorForInvalidEmailSignUp" time="4.973"/>
  <testcase classname="unittests.TC1_FreeCrmLoginUrl" name="validateFreeCrmLoginUrl" time="9.15"/>
  <testcase classname="unittests.TC2_ErrorForInvalidEmailOnSignUp" name="validateErrorForInvalidEmailSignUp" time="4.533"/>
  <testcase classname="unittests.TC2_ErrorForInvalidEmailOnSignUp" name="validateErrorForInvalidEmailSignUp" time="4.181"/>
</testsuite> <!-- Test -->
